<?xml version="1.0" encoding="UTF-8"?>
<!-- Generated by org.testng.reporters.JUnitReportReporter -->
<testsuite hostname="DESKTOP-695VE1K" failures="0" tests="1" name="com.sampletest.DummyTest" time="11.089" errors="0" timestamp="2024-07-26T17:12:15 IST" skipped="0">
  <testcase classname="com.sampletest.DummyTest" name="Sample" time="11.089"/>
</testsuite> <!-- com.sampletest.DummyTest -->
