<?xml version="1.0" encoding="UTF-8"?>
<!-- Generated by org.testng.reporters.JUnitReportReporter -->
<testsuite hostname="DESKTOP-695VE1K" failures="0" tests="1" name="com.sampletest.LoginTest" time="33.281" errors="0" timestamp="2024-11-22T19:40:31 IST" skipped="0">
  <testcase classname="com.sampletest.LoginTest" name="Sample" time="33.281"/>
</testsuite> <!-- com.sampletest.LoginTest -->
