<?xml version="1.0" encoding="UTF-8"?>
<!-- Generated by org.testng.reporters.JUnitReportReporter -->
<testsuite hostname="DESKTOP-695VE1K" failures="0" tests="5" name="com.sampletest.FrameWorkSample" time="0.032" errors="0" timestamp="2024-07-26T16:45:33 IST" skipped="0">
  <testcase classname="com.sampletest.FrameWorkSample" name="test4" time="0.003"/>
  <testcase classname="com.sampletest.FrameWorkSample" name="test2" time="0.003"/>
  <testcase classname="com.sampletest.FrameWorkSample" name="test5" time="0.003"/>
  <testcase classname="com.sampletest.FrameWorkSample" name="test1" time="0.018"/>
  <testcase classname="com.sampletest.FrameWorkSample" name="test3" time="0.005"/>
</testsuite> <!-- com.sampletest.FrameWorkSample -->
