<?xml version="1.0" encoding="UTF-8"?>
<!-- Generated by org.testng.reporters.JUnitReportReporter -->
<testsuite hostname="DESKTOP-695VE1K" failures="0" tests="1" name="com.sampletest.LoginTest2" time="37.804" errors="0" timestamp="2024-07-29T12:16:21 IST" skipped="0">
  <testcase classname="com.sampletest.LoginTest2" name="Sample" time="37.804"/>
</testsuite> <!-- com.sampletest.LoginTest2 -->
