<?xml version="1.0" encoding="UTF-8"?>
<!-- Generated by org.testng.reporters.JUnitReportReporter -->
<testsuite hostname="DESKTOP-695VE1K" failures="0" tests="1" name="com.sampletest.LoginTest" time="23.771" errors="0" timestamp="2024-11-22T00:09:00 IST" skipped="0">
  <testcase classname="com.sampletest.LoginTest" name="Sample" time="23.771"/>
</testsuite> <!-- com.sampletest.LoginTest -->
